<?xml version="1.0" encoding="UTF-8"?>
<testng-results ignored="8" total="15" passed="5" failed="2" skipped="0">
  <reporter-output>
  </reporter-output>
  <suite started-at="2024-12-30T22:12:30 IST" name="Suite" finished-at="2024-12-30T22:13:55 IST" duration-ms="84563">
    <groups>
      <group name="Sanity">
        <method signature="HomePageTest.homePageValidationTest()[pri:0, instance:com.web.testcases.HomePageTest@2c1b194a]" name="homePageValidationTest" class="com.web.testcases.HomePageTest"/>
      </group> <!-- Sanity -->
      <group name="Regression">
        <method signature="AccountCreationPageTest.verifyCreateAccountPageTest()[pri:0, instance:com.web.testcases.AccountCreationPageTest@66f57048]" name="verifyCreateAccountPageTest" class="com.web.testcases.AccountCreationPageTest"/>
        <method signature="SearchResultPageTest.productAvailabilityTest()[pri:0, instance:com.web.testcases.SearchResultPageTest@32502377]" name="productAvailabilityTest" class="com.web.testcases.SearchResultPageTest"/>
      </group> <!-- Regression -->
      <group name="Smoke">
        <method signature="HomePageTest.homePageValidationTest()[pri:0, instance:com.web.testcases.HomePageTest@2c1b194a]" name="homePageValidationTest" class="com.web.testcases.HomePageTest"/>
        <method signature="IndexPageTest.verifyLogo()[pri:0, instance:com.web.testcases.IndexPageTest@4dbb42b7]" name="verifyLogo" class="com.web.testcases.IndexPageTest"/>
        <method signature="IndexPageTest.verifyTitle()[pri:0, instance:com.web.testcases.IndexPageTest@4dbb42b7]" name="verifyTitle" class="com.web.testcases.IndexPageTest"/>
      </group> <!-- Smoke -->
    </groups>
    <test started-at="2024-12-30T22:12:30 IST" name="Test_All" finished-at="2024-12-30T22:13:55 IST" duration-ms="84563">
      <class name="com.web.testcases.HomePageTest">
        <test-method is-config="true" signature="setUp(java.lang.String)[pri:0, instance:com.web.testcases.HomePageTest@2c1b194a]" started-at="2024-12-30T22:13:19 IST" name="setUp" finished-at="2024-12-30T22:13:25 IST" duration-ms="5716" status="PASS">
          <params>
            <param index="0">
              <value>
                <![CDATA[Chrome]]>
              </value>
            </param>
          </params>
          <reporter-output>
          </reporter-output>
        </test-method> <!-- setUp -->
        <test-method signature="homePageValidationTest()[pri:0, instance:com.web.testcases.HomePageTest@2c1b194a]" started-at="2024-12-30T22:13:25 IST" name="homePageValidationTest" finished-at="2024-12-30T22:13:31 IST" duration-ms="5748" status="PASS">
          <reporter-output>
          </reporter-output>
        </test-method> <!-- homePageValidationTest -->
        <test-method is-config="true" signature="tearDown()[pri:0, instance:com.web.testcases.HomePageTest@2c1b194a]" started-at="2024-12-30T22:13:31 IST" name="tearDown" finished-at="2024-12-30T22:13:31 IST" duration-ms="194" status="PASS">
          <reporter-output>
          </reporter-output>
        </test-method> <!-- tearDown -->
      </class> <!-- com.web.testcases.HomePageTest -->
      <class name="com.web.testcases.IndexPageTest">
        <test-method is-config="true" signature="setUp(java.lang.String)[pri:0, instance:com.web.testcases.IndexPageTest@4dbb42b7]" started-at="2024-12-30T22:13:31 IST" name="setUp" finished-at="2024-12-30T22:13:37 IST" duration-ms="6395" status="PASS">
          <params>
            <param index="0">
              <value>
                <![CDATA[Chrome]]>
              </value>
            </param>
          </params>
          <reporter-output>
          </reporter-output>
        </test-method> <!-- setUp -->
        <test-method signature="verifyLogo()[pri:0, instance:com.web.testcases.IndexPageTest@4dbb42b7]" started-at="2024-12-30T22:13:37 IST" name="verifyLogo" finished-at="2024-12-30T22:13:37 IST" duration-ms="80" status="PASS">
          <reporter-output>
          </reporter-output>
        </test-method> <!-- verifyLogo -->
        <test-method is-config="true" signature="tearDown()[pri:0, instance:com.web.testcases.IndexPageTest@4dbb42b7]" started-at="2024-12-30T22:13:37 IST" name="tearDown" finished-at="2024-12-30T22:13:38 IST" duration-ms="209" status="PASS">
          <reporter-output>
          </reporter-output>
        </test-method> <!-- tearDown -->
        <test-method is-config="true" signature="setUp(java.lang.String)[pri:0, instance:com.web.testcases.IndexPageTest@4dbb42b7]" started-at="2024-12-30T22:13:38 IST" name="setUp" finished-at="2024-12-30T22:13:43 IST" duration-ms="5912" status="PASS">
          <params>
            <param index="0">
              <value>
                <![CDATA[Chrome]]>
              </value>
            </param>
          </params>
          <reporter-output>
          </reporter-output>
        </test-method> <!-- setUp -->
        <test-method signature="verifyTitle()[pri:0, instance:com.web.testcases.IndexPageTest@4dbb42b7]" started-at="2024-12-30T22:13:43 IST" name="verifyTitle" finished-at="2024-12-30T22:13:44 IST" duration-ms="40" status="PASS">
          <reporter-output>
          </reporter-output>
        </test-method> <!-- verifyTitle -->
        <test-method is-config="true" signature="tearDown()[pri:0, instance:com.web.testcases.IndexPageTest@4dbb42b7]" started-at="2024-12-30T22:13:44 IST" name="tearDown" finished-at="2024-12-30T22:13:44 IST" duration-ms="192" status="PASS">
          <reporter-output>
          </reporter-output>
        </test-method> <!-- tearDown -->
      </class> <!-- com.web.testcases.IndexPageTest -->
      <class name="com.web.testcases.SearchResultPageTest">
        <test-method is-config="true" signature="setUp(java.lang.String)[pri:0, instance:com.web.testcases.SearchResultPageTest@32502377]" started-at="2024-12-30T22:13:02 IST" name="setUp" finished-at="2024-12-30T22:13:08 IST" duration-ms="6227" status="PASS">
          <params>
            <param index="0">
              <value>
                <![CDATA[Chrome]]>
              </value>
            </param>
          </params>
          <reporter-output>
          </reporter-output>
        </test-method> <!-- setUp -->
        <test-method signature="productAvailabilityTest()[pri:0, instance:com.web.testcases.SearchResultPageTest@32502377]" started-at="2024-12-30T22:13:08 IST" name="productAvailabilityTest" finished-at="2024-12-30T22:13:19 IST" duration-ms="10789" status="PASS">
          <reporter-output>
          </reporter-output>
        </test-method> <!-- productAvailabilityTest -->
        <test-method is-config="true" signature="tearDown()[pri:0, instance:com.web.testcases.SearchResultPageTest@32502377]" started-at="2024-12-30T22:13:19 IST" name="tearDown" finished-at="2024-12-30T22:13:19 IST" duration-ms="221" status="PASS">
          <reporter-output>
          </reporter-output>
        </test-method> <!-- tearDown -->
      </class> <!-- com.web.testcases.SearchResultPageTest -->
      <class name="com.web.testcases.LoginPageTest">
        <test-method is-config="true" signature="loadConfig()[pri:0, instance:com.web.testcases.LoginPageTest@ffaa6af]" started-at="2024-12-30T22:12:30 IST" name="loadConfig" finished-at="2024-12-30T22:12:30 IST" duration-ms="231" status="PASS">
          <reporter-output>
          </reporter-output>
        </test-method> <!-- loadConfig -->
        <test-method is-config="true" signature="setUp(java.lang.String)[pri:0, instance:com.web.testcases.LoginPageTest@ffaa6af]" started-at="2024-12-30T22:12:31 IST" name="setUp" finished-at="2024-12-30T22:12:41 IST" duration-ms="10191" status="PASS">
          <params>
            <param index="0">
              <value>
                <![CDATA[Chrome]]>
              </value>
            </param>
          </params>
          <reporter-output>
          </reporter-output>
        </test-method> <!-- setUp -->
        <test-method signature="loginTest(java.lang.String,java.lang.String)[pri:0, instance:com.web.testcases.LoginPageTest@ffaa6af]" started-at="2024-12-30T22:12:41 IST" name="loginTest" data-provider="credentials" finished-at="2024-12-30T22:12:47 IST" duration-ms="6234" status="FAIL">
          <params>
            <param index="0">
              <value>
                <![CDATA[tsamuel@gmail.com]]>
              </value>
            </param>
            <param index="1">
              <value>
                <![CDATA[Bouncers#321]]>
              </value>
            </param>
          </params>
          <exception class="java.lang.AssertionError">
            <message>
              <![CDATA[expected [https://www.automationexercise.com] but found [https://www.automationexercise.com/]]]>
            </message>
            <full-stacktrace>
              <![CDATA[java.lang.AssertionError: expected [https://www.automationexercise.com] but found [https://www.automationexercise.com/]
at org.testng.Assert.fail(Assert.java:99)
at org.testng.Assert.failNotEquals(Assert.java:1037)
at org.testng.Assert.assertEqualsImpl(Assert.java:140)
at org.testng.Assert.assertEquals(Assert.java:122)
at org.testng.Assert.assertEquals(Assert.java:629)
at org.testng.Assert.assertEquals(Assert.java:639)
at com.web.testcases.LoginPageTest.loginTest(LoginPageTest.java:45)
at java.base/jdk.internal.reflect.NativeMethodAccessorImpl.invoke0(Native Method)
at java.base/jdk.internal.reflect.NativeMethodAccessorImpl.invoke(NativeMethodAccessorImpl.java:77)
at java.base/jdk.internal.reflect.DelegatingMethodAccessorImpl.invoke(DelegatingMethodAccessorImpl.java:43)
at java.base/java.lang.reflect.Method.invoke(Method.java:568)
at org.testng.internal.MethodInvocationHelper.invokeMethod(MethodInvocationHelper.java:133)
at org.testng.internal.TestInvoker.invokeMethod(TestInvoker.java:598)
at org.testng.internal.TestInvoker.invokeTestMethod(TestInvoker.java:173)
at org.testng.internal.MethodRunner.runInSequence(MethodRunner.java:46)
at org.testng.internal.TestInvoker$MethodInvocationAgent.invoke(TestInvoker.java:824)
at org.testng.internal.TestInvoker.invokeTestMethods(TestInvoker.java:146)
at org.testng.internal.TestMethodWorker.invokeTestMethods(TestMethodWorker.java:146)
at org.testng.internal.TestMethodWorker.run(TestMethodWorker.java:128)
at java.base/java.util.ArrayList.forEach(ArrayList.java:1511)
at org.testng.TestRunner.privateRun(TestRunner.java:794)
at org.testng.TestRunner.run(TestRunner.java:596)
at org.testng.SuiteRunner.runTest(SuiteRunner.java:377)
at org.testng.SuiteRunner.runSequentially(SuiteRunner.java:371)
at org.testng.SuiteRunner.privateRun(SuiteRunner.java:332)
at org.testng.SuiteRunner.run(SuiteRunner.java:276)
at org.testng.SuiteRunnerWorker.runSuite(SuiteRunnerWorker.java:53)
at org.testng.SuiteRunnerWorker.run(SuiteRunnerWorker.java:96)
at org.testng.TestNG.runSuitesSequentially(TestNG.java:1212)
at org.testng.TestNG.runSuitesLocally(TestNG.java:1134)
at org.testng.TestNG.runSuites(TestNG.java:1063)
at org.testng.TestNG.run(TestNG.java:1031)
at org.testng.remote.AbstractRemoteTestNG.run(AbstractRemoteTestNG.java:115)
at org.testng.remote.RemoteTestNG.initAndRun(RemoteTestNG.java:251)
at org.testng.remote.RemoteTestNG.main(RemoteTestNG.java:77)
]]>
            </full-stacktrace>
          </exception> <!-- java.lang.AssertionError -->
          <reporter-output>
          </reporter-output>
        </test-method> <!-- loginTest -->
        <test-method is-config="true" signature="tearDown()[pri:0, instance:com.web.testcases.LoginPageTest@ffaa6af]" started-at="2024-12-30T22:12:48 IST" name="tearDown" finished-at="2024-12-30T22:12:48 IST" duration-ms="230" status="PASS">
          <reporter-output>
          </reporter-output>
        </test-method> <!-- tearDown -->
        <test-method is-config="true" signature="setUp(java.lang.String)[pri:0, instance:com.web.testcases.LoginPageTest@ffaa6af]" started-at="2024-12-30T22:12:48 IST" name="setUp" finished-at="2024-12-30T22:12:57 IST" duration-ms="8768" status="PASS">
          <params>
            <param index="0">
              <value>
                <![CDATA[Chrome]]>
              </value>
            </param>
          </params>
          <reporter-output>
          </reporter-output>
        </test-method> <!-- setUp -->
        <test-method signature="loginTest(java.lang.String,java.lang.String)[pri:0, instance:com.web.testcases.LoginPageTest@ffaa6af]" started-at="2024-12-30T22:12:57 IST" name="loginTest" data-provider="credentials" finished-at="2024-12-30T22:13:02 IST" duration-ms="4988" status="FAIL">
          <params>
            <param index="0">
              <value>
                <![CDATA[samuel@mail.com]]>
              </value>
            </param>
            <param index="1">
              <value>
                <![CDATA[Yorkers@123]]>
              </value>
            </param>
          </params>
          <exception class="java.lang.AssertionError">
            <message>
              <![CDATA[expected [https://www.automationexercise.com] but found [https://www.automationexercise.com/login]]]>
            </message>
            <full-stacktrace>
              <![CDATA[java.lang.AssertionError: expected [https://www.automationexercise.com] but found [https://www.automationexercise.com/login]
at org.testng.Assert.fail(Assert.java:99)
at org.testng.Assert.failNotEquals(Assert.java:1037)
at org.testng.Assert.assertEqualsImpl(Assert.java:140)
at org.testng.Assert.assertEquals(Assert.java:122)
at org.testng.Assert.assertEquals(Assert.java:629)
at org.testng.Assert.assertEquals(Assert.java:639)
at com.web.testcases.LoginPageTest.loginTest(LoginPageTest.java:45)
at java.base/jdk.internal.reflect.NativeMethodAccessorImpl.invoke0(Native Method)
at java.base/jdk.internal.reflect.NativeMethodAccessorImpl.invoke(NativeMethodAccessorImpl.java:77)
at java.base/jdk.internal.reflect.DelegatingMethodAccessorImpl.invoke(DelegatingMethodAccessorImpl.java:43)
at java.base/java.lang.reflect.Method.invoke(Method.java:568)
at org.testng.internal.MethodInvocationHelper.invokeMethod(MethodInvocationHelper.java:133)
at org.testng.internal.TestInvoker.invokeMethod(TestInvoker.java:598)
at org.testng.internal.TestInvoker.invokeTestMethod(TestInvoker.java:173)
at org.testng.internal.MethodRunner.runInSequence(MethodRunner.java:46)
at org.testng.internal.TestInvoker$MethodInvocationAgent.invoke(TestInvoker.java:824)
at org.testng.internal.TestInvoker.invokeTestMethods(TestInvoker.java:146)
at org.testng.internal.TestMethodWorker.invokeTestMethods(TestMethodWorker.java:146)
at org.testng.internal.TestMethodWorker.run(TestMethodWorker.java:128)
at java.base/java.util.ArrayList.forEach(ArrayList.java:1511)
at org.testng.TestRunner.privateRun(TestRunner.java:794)
at org.testng.TestRunner.run(TestRunner.java:596)
at org.testng.SuiteRunner.runTest(SuiteRunner.java:377)
at org.testng.SuiteRunner.runSequentially(SuiteRunner.java:371)
at org.testng.SuiteRunner.privateRun(SuiteRunner.java:332)
at org.testng.SuiteRunner.run(SuiteRunner.java:276)
at org.testng.SuiteRunnerWorker.runSuite(SuiteRunnerWorker.java:53)
at org.testng.SuiteRunnerWorker.run(SuiteRunnerWorker.java:96)
at org.testng.TestNG.runSuitesSequentially(TestNG.java:1212)
at org.testng.TestNG.runSuitesLocally(TestNG.java:1134)
at org.testng.TestNG.runSuites(TestNG.java:1063)
at org.testng.TestNG.run(TestNG.java:1031)
at org.testng.remote.AbstractRemoteTestNG.run(AbstractRemoteTestNG.java:115)
at org.testng.remote.RemoteTestNG.initAndRun(RemoteTestNG.java:251)
at org.testng.remote.RemoteTestNG.main(RemoteTestNG.java:77)
]]>
            </full-stacktrace>
          </exception> <!-- java.lang.AssertionError -->
          <reporter-output>
          </reporter-output>
        </test-method> <!-- loginTest -->
        <test-method is-config="true" signature="tearDown()[pri:0, instance:com.web.testcases.LoginPageTest@ffaa6af]" started-at="2024-12-30T22:13:02 IST" name="tearDown" finished-at="2024-12-30T22:13:02 IST" duration-ms="198" status="PASS">
          <reporter-output>
          </reporter-output>
        </test-method> <!-- tearDown -->
        <test-method is-config="true" signature="afterSuite()[pri:0, instance:com.web.testcases.LoginPageTest@ffaa6af]" started-at="2024-12-30T22:13:55 IST" name="afterSuite" finished-at="2024-12-30T22:13:55 IST" duration-ms="292" status="PASS">
          <reporter-output>
          </reporter-output>
        </test-method> <!-- afterSuite -->
      </class> <!-- com.web.testcases.LoginPageTest -->
      <class name="com.web.testcases.AccountCreationPageTest">
        <test-method is-config="true" signature="setUp(java.lang.String)[pri:0, instance:com.web.testcases.AccountCreationPageTest@66f57048]" started-at="2024-12-30T22:13:44 IST" name="setUp" finished-at="2024-12-30T22:13:51 IST" duration-ms="7255" status="PASS">
          <params>
            <param index="0">
              <value>
                <![CDATA[Chrome]]>
              </value>
            </param>
          </params>
          <reporter-output>
          </reporter-output>
        </test-method> <!-- setUp -->
        <test-method signature="verifyCreateAccountPageTest()[pri:0, instance:com.web.testcases.AccountCreationPageTest@66f57048]" started-at="2024-12-30T22:13:51 IST" name="verifyCreateAccountPageTest" finished-at="2024-12-30T22:13:55 IST" duration-ms="3661" status="PASS">
          <reporter-output>
          </reporter-output>
        </test-method> <!-- verifyCreateAccountPageTest -->
        <test-method is-config="true" signature="tearDown()[pri:0, instance:com.web.testcases.AccountCreationPageTest@66f57048]" started-at="2024-12-30T22:13:55 IST" name="tearDown" finished-at="2024-12-30T22:13:55 IST" duration-ms="210" status="PASS">
          <reporter-output>
          </reporter-output>
        </test-method> <!-- tearDown -->
      </class> <!-- com.web.testcases.AccountCreationPageTest -->
    </test> <!-- Test_All -->
  </suite> <!-- Suite -->
</testng-results>
