<?xml version="1.0" encoding="UTF-8"?>
<!-- Generated by org.testng.reporters.JUnitXMLReporter -->
<testsuite ignored="8" hostname="Samuel" failures="2" tests="7" name="Test_All" time="84.563" errors="0" timestamp="2024-12-30T22:13:55 IST">
  <testcase classname="com.web.testcases.LoginPageTest" name="loginTest" time="6.234">
    <failure type="java.lang.AssertionError" message="expected [https://www.automationexercise.com] but found [https://www.automationexercise.com/]">
      <![CDATA[java.lang.AssertionError: expected [https://www.automationexercise.com] but found [https://www.automationexercise.com/]
at com.web.testcases.LoginPageTest.loginTest(LoginPageTest.java:45)
at java.base/java.util.ArrayList.forEach(ArrayList.java:1511)
... Removed 33 stack frames]]>
    </failure>
  </testcase> <!-- loginTest -->
  <testcase classname="com.web.testcases.LoginPageTest" name="loginTest" time="4.988">
    <failure type="java.lang.AssertionError" message="expected [https://www.automationexercise.com] but found [https://www.automationexercise.com/login]">
      <![CDATA[java.lang.AssertionError: expected [https://www.automationexercise.com] but found [https://www.automationexercise.com/login]
at com.web.testcases.LoginPageTest.loginTest(LoginPageTest.java:45)
at java.base/java.util.ArrayList.forEach(ArrayList.java:1511)
... Removed 33 stack frames]]>
    </failure>
  </testcase> <!-- loginTest -->
  <testcase classname="com.web.testcases.SearchResultPageTest" name="productAvailabilityTest" time="10.789"/>
  <testcase classname="com.web.testcases.HomePageTest" name="homePageValidationTest" time="5.748"/>
  <testcase classname="com.web.testcases.IndexPageTest" name="verifyLogo" time="0.08"/>
  <testcase classname="com.web.testcases.IndexPageTest" name="verifyTitle" time="0.04"/>
  <testcase classname="com.web.testcases.AccountCreationPageTest" name="verifyCreateAccountPageTest" time="3.661"/>
  <testcase classname="com.web.base.BaseClass" name="@AfterSuite afterSuite" time="0.0">
    <ignored/>
  </testcase> <!-- @AfterSuite afterSuite -->
  <testcase classname="com.web.base.BaseClass" name="@AfterSuite afterSuite" time="0.0">
    <ignored/>
  </testcase> <!-- @AfterSuite afterSuite -->
  <testcase classname="com.web.base.BaseClass" name="@AfterSuite afterSuite" time="0.0">
    <ignored/>
  </testcase> <!-- @AfterSuite afterSuite -->
  <testcase classname="com.web.base.BaseClass" name="@AfterSuite afterSuite" time="0.0">
    <ignored/>
  </testcase> <!-- @AfterSuite afterSuite -->
  <testcase classname="com.web.base.BaseClass" name="@BeforeSuite loadConfig" time="0.0">
    <ignored/>
  </testcase> <!-- @BeforeSuite loadConfig -->
  <testcase classname="com.web.base.BaseClass" name="@BeforeSuite loadConfig" time="0.0">
    <ignored/>
  </testcase> <!-- @BeforeSuite loadConfig -->
  <testcase classname="com.web.base.BaseClass" name="@BeforeSuite loadConfig" time="0.0">
    <ignored/>
  </testcase> <!-- @BeforeSuite loadConfig -->
  <testcase classname="com.web.base.BaseClass" name="@BeforeSuite loadConfig" time="0.0">
    <ignored/>
  </testcase> <!-- @BeforeSuite loadConfig -->
</testsuite> <!-- Test_All -->
